<?xml version="1.0" encoding="UTF-8"?>
<testsuite xmlns:xsi="http://www.w3.org/2001/XMLSchema-instance" xsi:noNamespaceSchemaLocation="https://maven.apache.org/surefire/maven-surefire-plugin/xsd/surefire-test-report.xsd" name="com.aaapattern.test.CalculatorTest" time="0.062" tests="1" errors="0" skipped="0" failures="0">
  <properties>
    <property name="java.specification.version" value="19"/>
    <property name="sun.cpu.isalist" value="amd64"/>
    <property name="sun.jnu.encoding" value="Cp1252"/>
    <property name="java.class.path" value="B:\JAVA-FSE\WEEK2\AAA_Pattern_&amp;_Teardown_methods\aaa_pattern_teardown_method\target\test-classes;B:\JAVA-FSE\WEEK2\AAA_Pattern_&amp;_Teardown_methods\aaa_pattern_teardown_method\target\classes;C:\Users\Soumyadeep\.m2\repository\junit\junit\4.13.2\junit-4.13.2.jar;C:\Users\Soumyadeep\.m2\repository\org\hamcrest\hamcrest-core\1.3\hamcrest-core-1.3.jar;"/>
    <property name="java.vm.vendor" value="Oracle Corporation"/>
    <property name="sun.arch.data.model" value="64"/>
    <property name="user.variant" value=""/>
    <property name="java.vendor.url" value="https://java.oracle.com/"/>
    <property name="user.timezone" value="Asia/Calcutta"/>
    <property name="os.name" value="Windows 11"/>
    <property name="java.vm.specification.version" value="19"/>
    <property name="user.country" value="IN"/>
    <property name="sun.java.launcher" value="SUN_STANDARD"/>
    <property name="sun.boot.library.path" value="C:\Program Files\Java\jdk-19\bin"/>
    <property name="sun.java.command" value="C:\Users\SOUMYA~1\AppData\Local\Temp\surefire4805592267504470186\surefirebooter6506725241891975920.jar C:\Users\Soumyadeep\AppData\Local\Temp\surefire4805592267504470186 2025-06-22T17-30-43_945-jvmRun1 surefire16442907981809694505tmp surefire_01382428478569254473tmp"/>
    <property name="jdk.debug" value="release"/>
    <property name="test" value="com.aaapattern.test.CalculatorTest"/>
    <property name="surefire.test.class.path" value="B:\JAVA-FSE\WEEK2\AAA_Pattern_&amp;_Teardown_methods\aaa_pattern_teardown_method\target\test-classes;B:\JAVA-FSE\WEEK2\AAA_Pattern_&amp;_Teardown_methods\aaa_pattern_teardown_method\target\classes;C:\Users\Soumyadeep\.m2\repository\junit\junit\4.13.2\junit-4.13.2.jar;C:\Users\Soumyadeep\.m2\repository\org\hamcrest\hamcrest-core\1.3\hamcrest-core-1.3.jar;"/>
    <property name="sun.cpu.endian" value="little"/>
    <property name="user.home" value="C:\Users\Soumyadeep"/>
    <property name="user.language" value="en"/>
    <property name="java.specification.vendor" value="Oracle Corporation"/>
    <property name="java.version.date" value="2023-01-17"/>
    <property name="java.home" value="C:\Program Files\Java\jdk-19"/>
    <property name="file.separator" value="\"/>
    <property name="basedir" value="B:\JAVA-FSE\WEEK2\AAA_Pattern_&amp;_Teardown_methods\aaa_pattern_teardown_method"/>
    <property name="java.vm.compressedOopsMode" value="32-bit"/>
    <property name="line.separator" value="&#10;"/>
    <property name="java.vm.specification.vendor" value="Oracle Corporation"/>
    <property name="java.specification.name" value="Java Platform API Specification"/>
    <property name="surefire.real.class.path" value="C:\Users\SOUMYA~1\AppData\Local\Temp\surefire4805592267504470186\surefirebooter6506725241891975920.jar"/>
    <property name="user.script" value=""/>
    <property name="sun.management.compiler" value="HotSpot 64-Bit Tiered Compilers"/>
    <property name="java.runtime.version" value="19.0.2+7-44"/>
    <property name="user.name" value="Soumyadeep"/>
    <property name="stdout.encoding" value="Cp1252"/>
    <property name="path.separator" value=";"/>
    <property name="os.version" value="10.0"/>
    <property name="java.runtime.name" value="Java(TM) SE Runtime Environment"/>
    <property name="file.encoding" value="UTF-8"/>
    <property name="java.vm.name" value="Java HotSpot(TM) 64-Bit Server VM"/>
    <property name="maven.ext.class.path" value="C:\Users\Soumyadeep\.vscode\extensions\oracle.oracle-java-24.0.0\nbcode\java\maven-nblib\netbeans-eventspy.jar"/>
    <property name="localRepository" value="C:\Users\Soumyadeep\.m2\repository"/>
    <property name="java.vendor.url.bug" value="https://bugreport.java.com/bugreport/"/>
    <property name="java.io.tmpdir" value="C:\Users\SOUMYA~1\AppData\Local\Temp\"/>
    <property name="java.version" value="19.0.2"/>
    <property name="user.dir" value="B:\JAVA-FSE\WEEK2\AAA_Pattern_&amp;_Teardown_methods\aaa_pattern_teardown_method"/>
    <property name="os.arch" value="amd64"/>
    <property name="java.vm.specification.name" value="Java Virtual Machine Specification"/>
    <property name="sun.os.patch.level" value=""/>
    <property name="native.encoding" value="Cp1252"/>
    <property name="java.library.path" value="C:\Program Files\Java\jdk-19\bin;C:\WINDOWS\Sun\Java\bin;C:\WINDOWS\system32;C:\WINDOWS;C:\app\Soumyadeep\product\21c\dbhomeXE\bin;C:\Program Files\Eclipse Adoptium\jdk-21.0.7.6-hotspot\bin;C:\Program Files\Common Files\Oracle\Java\javapath;C:\Program Files (x86)\Common Files\Oracle\Java\java8path;C:\Program Files (x86)\Common Files\Oracle\Java\javapath;C:\Python312\Scripts\;C:\Python312\;C:\WINDOWS\system32;C:\WINDOWS;C:\WINDOWS\System32\Wbem;C:\WINDOWS\System32\WindowsPowerShell\v1.0\;C:\WINDOWS\System32\OpenSSH\;C:\MinGW\bin;C:\ProgramData\chocolatey\bin;C:\Program Files (x86)\Windows Kits\10\Windows Performance Toolkit\;C:\Program Files\mongosh\mongosh-2.0.0-win32-x64\bin;C:\Program Files\Git\cmd;C:\Program Files\nodejs\;C:\Users\Soumyadeep\AppData\Local\Programs\Python\Python311\Scripts;C:\Program Files\Java\jdk-19\bin;C:\Program Files\Docker\Docker\resources\bin;C:\Users\Soumyadeep\AppData\Local\Programs\Python\Python311;C:\Program Files\GitHub CLI\;C:\Program Files\MySQL\MySQL Server 8.0\bin;c:\Xilinx\bin\nt;C:\Users\Soumyadeep\Downloads\apache-maven-3.9.10-bin;C:\Users\Soumyadeep\.console-ninja\.bin;C:\Program Files\MySQL\MySQL Shell 8.0\bin\;C:\Users\Soumyadeep\AppData\Local\Programs\Python\Python311\Scripts\;C:\Users\Soumyadeep\AppData\Local\Programs\Python\Python311\;C:\Users\Soumyadeep\AppData\Local\Microsoft\WindowsApps;C:\Users\Soumyadeep\AppData\Local\Programs\Microsoft VS Code\bin;C:\Users\Soumyadeep\AppData\Local\GitHubDesktop\bin;A:\mongosh-2.0.0-win32-x64\mongosh-2.0.0-win32-x64\bin;C:\Program Files\JetBrains\PyCharm Community Edition 2023.2.3\bin;C:\Users\Soumyadeep\AppData\Roaming\npm;C:\Program Files\Tesseract-OCR;;."/>
    <property name="java.vm.info" value="mixed mode, sharing"/>
    <property name="stderr.encoding" value="Cp1252"/>
    <property name="java.vendor" value="Oracle Corporation"/>
    <property name="java.vm.version" value="19.0.2+7-44"/>
    <property name="sun.io.unicode.encoding" value="UnicodeLittle"/>
    <property name="java.class.version" value="63.0"/>
  </properties>
  <testcase name="testSubtraction" classname="com.aaapattern.test.CalculatorTest" time="0.01"/>
</testsuite>